----------------------------------------------------------------
Fri Nov 25 16:03:39 GMT 2022:
Booting Derby version The Apache Software Foundation - Apache Derby - 10.14.2.0 - (1828579): instance a816c00e-0184-af87-bd7d-000001ecf300 
on database directory memory:C:\Users\Saima\Documents\projects\REACT\zeena-repo\KTP-BC-without-DB-\ad5c772f-8772-4849-9462-f7729c08e76a with class loader jdk.internal.loader.ClassLoaders$AppClassLoader@4d7e1886 
Loaded from file:/C:/Users/Saima/.m2/repository/org/apache/derby/derby/10.14.2.0/derby-10.14.2.0.jar
java.vendor=Oracle Corporation
java.runtime.version=19.0.1+10-21
user.dir=C:\Users\Saima\Documents\projects\REACT\zeena-repo\KTP-BC-without-DB-
os.name=Windows 11
os.arch=amd64
os.version=10.0
derby.system.home=null
Database Class Loader started - derby.database.classpath=''
----------------------------------------------------------------
Fri Nov 25 16:11:17 GMT 2022:
Shutting down instance a816c00e-0184-af87-bd7d-000001ecf300 on database directory memory:C:\Users\Saima\Documents\projects\REACT\zeena-repo\KTP-BC-without-DB-\ad5c772f-8772-4849-9462-f7729c08e76a with class loader jdk.internal.loader.ClassLoaders$AppClassLoader@4d7e1886 
----------------------------------------------------------------
Fri Nov 25 16:11:18 GMT 2022:
Booting Derby version The Apache Software Foundation - Apache Derby - 10.14.2.0 - (1828579): instance 3405c0cb-0184-af87-bd7d-000001ecf300 
on database directory memory:C:\Users\Saima\Documents\projects\REACT\zeena-repo\KTP-BC-without-DB-\f7eebfd0-beb6-482a-b784-fed8f8e02a95 with class loader jdk.internal.loader.ClassLoaders$AppClassLoader@4d7e1886 
Loaded from file:/C:/Users/Saima/.m2/repository/org/apache/derby/derby/10.14.2.0/derby-10.14.2.0.jar
java.vendor=Oracle Corporation
java.runtime.version=19.0.1+10-21
user.dir=C:\Users\Saima\Documents\projects\REACT\zeena-repo\KTP-BC-without-DB-
os.name=Windows 11
os.arch=amd64
os.version=10.0
derby.system.home=null
Database Class Loader started - derby.database.classpath=''
----------------------------------------------------------------
Fri Nov 25 16:11:22 GMT 2022:
Shutting down instance 3405c0cb-0184-af87-bd7d-000001ecf300 on database directory memory:C:\Users\Saima\Documents\projects\REACT\zeena-repo\KTP-BC-without-DB-\f7eebfd0-beb6-482a-b784-fed8f8e02a95 with class loader jdk.internal.loader.ClassLoaders$AppClassLoader@4d7e1886 
----------------------------------------------------------------
Fri Nov 25 16:11:23 GMT 2022:
Booting Derby version The Apache Software Foundation - Apache Derby - 10.14.2.0 - (1828579): instance a770417f-0184-af87-bd7d-000001ecf300 
on database directory memory:C:\Users\Saima\Documents\projects\REACT\zeena-repo\KTP-BC-without-DB-\4507379f-efb4-4703-8e87-c694fde4b2ab with class loader jdk.internal.loader.ClassLoaders$AppClassLoader@4d7e1886 
Loaded from file:/C:/Users/Saima/.m2/repository/org/apache/derby/derby/10.14.2.0/derby-10.14.2.0.jar
java.vendor=Oracle Corporation
java.runtime.version=19.0.1+10-21
user.dir=C:\Users\Saima\Documents\projects\REACT\zeena-repo\KTP-BC-without-DB-
os.name=Windows 11
os.arch=amd64
os.version=10.0
derby.system.home=null
Database Class Loader started - derby.database.classpath=''
----------------------------------------------------------------
Fri Nov 25 16:11:34 GMT 2022:
Shutting down instance a770417f-0184-af87-bd7d-000001ecf300 on database directory memory:C:\Users\Saima\Documents\projects\REACT\zeena-repo\KTP-BC-without-DB-\4507379f-efb4-4703-8e87-c694fde4b2ab with class loader jdk.internal.loader.ClassLoaders$AppClassLoader@4d7e1886 
----------------------------------------------------------------
Fri Nov 25 16:11:35 GMT 2022:
Booting Derby version The Apache Software Foundation - Apache Derby - 10.14.2.0 - (1828579): instance 3a7ec233-0184-af87-bd7d-000001ecf300 
on database directory memory:C:\Users\Saima\Documents\projects\REACT\zeena-repo\KTP-BC-without-DB-\b0d85cd2-a22c-4a3e-849e-01391fd2b4f2 with class loader jdk.internal.loader.ClassLoaders$AppClassLoader@4d7e1886 
Loaded from file:/C:/Users/Saima/.m2/repository/org/apache/derby/derby/10.14.2.0/derby-10.14.2.0.jar
java.vendor=Oracle Corporation
java.runtime.version=19.0.1+10-21
user.dir=C:\Users\Saima\Documents\projects\REACT\zeena-repo\KTP-BC-without-DB-
os.name=Windows 11
os.arch=amd64
os.version=10.0
derby.system.home=null
Database Class Loader started - derby.database.classpath=''
----------------------------------------------------------------
Fri Nov 25 16:13:02 GMT 2022:
Shutting down instance 3a7ec233-0184-af87-bd7d-000001ecf300 on database directory memory:C:\Users\Saima\Documents\projects\REACT\zeena-repo\KTP-BC-without-DB-\b0d85cd2-a22c-4a3e-849e-01391fd2b4f2 with class loader jdk.internal.loader.ClassLoaders$AppClassLoader@4d7e1886 
----------------------------------------------------------------
Fri Nov 25 16:13:03 GMT 2022:
Booting Derby version The Apache Software Foundation - Apache Derby - 10.14.2.0 - (1828579): instance 575f42ea-0184-af87-bd7d-000001ecf300 
on database directory memory:C:\Users\Saima\Documents\projects\REACT\zeena-repo\KTP-BC-without-DB-\b08756ea-dfde-48a0-ba9f-7426bae5538a with class loader jdk.internal.loader.ClassLoaders$AppClassLoader@4d7e1886 
Loaded from file:/C:/Users/Saima/.m2/repository/org/apache/derby/derby/10.14.2.0/derby-10.14.2.0.jar
java.vendor=Oracle Corporation
java.runtime.version=19.0.1+10-21
user.dir=C:\Users\Saima\Documents\projects\REACT\zeena-repo\KTP-BC-without-DB-
os.name=Windows 11
os.arch=amd64
os.version=10.0
derby.system.home=null
Database Class Loader started - derby.database.classpath=''
----------------------------------------------------------------
Fri Nov 25 16:13:38 GMT 2022:
Shutting down instance 575f42ea-0184-af87-bd7d-000001ecf300 on database directory memory:C:\Users\Saima\Documents\projects\REACT\zeena-repo\KTP-BC-without-DB-\b08756ea-dfde-48a0-ba9f-7426bae5538a with class loader jdk.internal.loader.ClassLoaders$AppClassLoader@4d7e1886 
----------------------------------------------------------------
Fri Nov 25 16:13:39 GMT 2022:
Booting Derby version The Apache Software Foundation - Apache Derby - 10.14.2.0 - (1828579): instance ca3cc39e-0184-af87-bd7d-000001ecf300 
on database directory memory:C:\Users\Saima\Documents\projects\REACT\zeena-repo\KTP-BC-without-DB-\96facf06-4337-45d1-bbff-e2de00c063b7 with class loader jdk.internal.loader.ClassLoaders$AppClassLoader@4d7e1886 
Loaded from file:/C:/Users/Saima/.m2/repository/org/apache/derby/derby/10.14.2.0/derby-10.14.2.0.jar
java.vendor=Oracle Corporation
java.runtime.version=19.0.1+10-21
user.dir=C:\Users\Saima\Documents\projects\REACT\zeena-repo\KTP-BC-without-DB-
os.name=Windows 11
os.arch=amd64
os.version=10.0
derby.system.home=null
Database Class Loader started - derby.database.classpath=''
----------------------------------------------------------------
Fri Nov 25 16:16:35 GMT 2022:
Shutting down instance ca3cc39e-0184-af87-bd7d-000001ecf300 on database directory memory:C:\Users\Saima\Documents\projects\REACT\zeena-repo\KTP-BC-without-DB-\96facf06-4337-45d1-bbff-e2de00c063b7 with class loader jdk.internal.loader.ClassLoaders$AppClassLoader@4d7e1886 
----------------------------------------------------------------
Fri Nov 25 16:16:36 GMT 2022:
Booting Derby version The Apache Software Foundation - Apache Derby - 10.14.2.0 - (1828579): instance c111c456-0184-af87-bd7d-000001ecf300 
on database directory memory:C:\Users\Saima\Documents\projects\REACT\zeena-repo\KTP-BC-without-DB-\b64442ba-ea10-45ba-9a13-ec3258cf1071 with class loader jdk.internal.loader.ClassLoaders$AppClassLoader@4d7e1886 
Loaded from file:/C:/Users/Saima/.m2/repository/org/apache/derby/derby/10.14.2.0/derby-10.14.2.0.jar
java.vendor=Oracle Corporation
java.runtime.version=19.0.1+10-21
user.dir=C:\Users\Saima\Documents\projects\REACT\zeena-repo\KTP-BC-without-DB-
os.name=Windows 11
os.arch=amd64
os.version=10.0
derby.system.home=null
Database Class Loader started - derby.database.classpath=''
----------------------------------------------------------------
Fri Nov 25 16:18:12 GMT 2022:
Shutting down instance c111c456-0184-af87-bd7d-000001ecf300 on database directory memory:C:\Users\Saima\Documents\projects\REACT\zeena-repo\KTP-BC-without-DB-\b64442ba-ea10-45ba-9a13-ec3258cf1071 with class loader jdk.internal.loader.ClassLoaders$AppClassLoader@4d7e1886 
----------------------------------------------------------------
Fri Nov 25 16:18:13 GMT 2022:
Booting Derby version The Apache Software Foundation - Apache Derby - 10.14.2.0 - (1828579): instance efb3850d-0184-af87-bd7d-000001ecf300 
on database directory memory:C:\Users\Saima\Documents\projects\REACT\zeena-repo\KTP-BC-without-DB-\ccd3fd77-19be-4d92-8bd0-dbb5869777ac with class loader jdk.internal.loader.ClassLoaders$AppClassLoader@4d7e1886 
Loaded from file:/C:/Users/Saima/.m2/repository/org/apache/derby/derby/10.14.2.0/derby-10.14.2.0.jar
java.vendor=Oracle Corporation
java.runtime.version=19.0.1+10-21
user.dir=C:\Users\Saima\Documents\projects\REACT\zeena-repo\KTP-BC-without-DB-
os.name=Windows 11
os.arch=amd64
os.version=10.0
derby.system.home=null
Database Class Loader started - derby.database.classpath=''
----------------------------------------------------------------
Fri Nov 25 16:20:24 GMT 2022:
Shutting down instance efb3850d-0184-af87-bd7d-000001ecf300 on database directory memory:C:\Users\Saima\Documents\projects\REACT\zeena-repo\KTP-BC-without-DB-\ccd3fd77-19be-4d92-8bd0-dbb5869777ac with class loader jdk.internal.loader.ClassLoaders$AppClassLoader@4d7e1886 
----------------------------------------------------------------
Fri Nov 25 16:20:25 GMT 2022:
Booting Derby version The Apache Software Foundation - Apache Derby - 10.14.2.0 - (1828579): instance ff0985c4-0184-af87-bd7d-000001ecf300 
on database directory memory:C:\Users\Saima\Documents\projects\REACT\zeena-repo\KTP-BC-without-DB-\d37e43fd-8883-4036-9d8f-c25447262a2b with class loader jdk.internal.loader.ClassLoaders$AppClassLoader@4d7e1886 
Loaded from file:/C:/Users/Saima/.m2/repository/org/apache/derby/derby/10.14.2.0/derby-10.14.2.0.jar
java.vendor=Oracle Corporation
java.runtime.version=19.0.1+10-21
user.dir=C:\Users\Saima\Documents\projects\REACT\zeena-repo\KTP-BC-without-DB-
os.name=Windows 11
os.arch=amd64
os.version=10.0
derby.system.home=null
Database Class Loader started - derby.database.classpath=''
----------------------------------------------------------------
Fri Nov 25 16:23:27 GMT 2022:
Shutting down instance ff0985c4-0184-af87-bd7d-000001ecf300 on database directory memory:C:\Users\Saima\Documents\projects\REACT\zeena-repo\KTP-BC-without-DB-\d37e43fd-8883-4036-9d8f-c25447262a2b with class loader jdk.internal.loader.ClassLoaders$AppClassLoader@4d7e1886 
----------------------------------------------------------------
Fri Nov 25 16:23:28 GMT 2022:
Booting Derby version The Apache Software Foundation - Apache Derby - 10.14.2.0 - (1828579): instance 58b2867c-0184-af87-bd7d-000001ecf300 
on database directory memory:C:\Users\Saima\Documents\projects\REACT\zeena-repo\KTP-BC-without-DB-\108f0da6-a7f2-470f-beb6-c16d86a64eee with class loader jdk.internal.loader.ClassLoaders$AppClassLoader@4d7e1886 
Loaded from file:/C:/Users/Saima/.m2/repository/org/apache/derby/derby/10.14.2.0/derby-10.14.2.0.jar
java.vendor=Oracle Corporation
java.runtime.version=19.0.1+10-21
user.dir=C:\Users\Saima\Documents\projects\REACT\zeena-repo\KTP-BC-without-DB-
os.name=Windows 11
os.arch=amd64
os.version=10.0
derby.system.home=null
Database Class Loader started - derby.database.classpath=''
----------------------------------------------------------------
Fri Nov 25 16:23:45 GMT 2022:
Shutting down instance 58b2867c-0184-af87-bd7d-000001ecf300 on database directory memory:C:\Users\Saima\Documents\projects\REACT\zeena-repo\KTP-BC-without-DB-\108f0da6-a7f2-470f-beb6-c16d86a64eee with class loader jdk.internal.loader.ClassLoaders$AppClassLoader@4d7e1886 
----------------------------------------------------------------
Fri Nov 25 16:23:46 GMT 2022:
Booting Derby version The Apache Software Foundation - Apache Derby - 10.14.2.0 - (1828579): instance 6c3a0730-0184-af87-bd7d-000001ecf300 
on database directory memory:C:\Users\Saima\Documents\projects\REACT\zeena-repo\KTP-BC-without-DB-\7152d8ef-3cb3-48c2-adb2-e5862d3e6bcd with class loader jdk.internal.loader.ClassLoaders$AppClassLoader@4d7e1886 
Loaded from file:/C:/Users/Saima/.m2/repository/org/apache/derby/derby/10.14.2.0/derby-10.14.2.0.jar
java.vendor=Oracle Corporation
java.runtime.version=19.0.1+10-21
user.dir=C:\Users\Saima\Documents\projects\REACT\zeena-repo\KTP-BC-without-DB-
os.name=Windows 11
os.arch=amd64
os.version=10.0
derby.system.home=null
Database Class Loader started - derby.database.classpath=''
----------------------------------------------------------------
Fri Nov 25 16:25:25 GMT 2022:
Shutting down instance 6c3a0730-0184-af87-bd7d-000001ecf300 on database directory memory:C:\Users\Saima\Documents\projects\REACT\zeena-repo\KTP-BC-without-DB-\7152d8ef-3cb3-48c2-adb2-e5862d3e6bcd with class loader jdk.internal.loader.ClassLoaders$AppClassLoader@4d7e1886 
----------------------------------------------------------------
Fri Nov 25 16:25:26 GMT 2022:
Booting Derby version The Apache Software Foundation - Apache Derby - 10.14.2.0 - (1828579): instance ad5147e7-0184-af87-bd7d-000001ecf300 
on database directory memory:C:\Users\Saima\Documents\projects\REACT\zeena-repo\KTP-BC-without-DB-\a0048569-8eab-4513-812f-e493076d0bfb with class loader jdk.internal.loader.ClassLoaders$AppClassLoader@4d7e1886 
Loaded from file:/C:/Users/Saima/.m2/repository/org/apache/derby/derby/10.14.2.0/derby-10.14.2.0.jar
java.vendor=Oracle Corporation
java.runtime.version=19.0.1+10-21
user.dir=C:\Users\Saima\Documents\projects\REACT\zeena-repo\KTP-BC-without-DB-
os.name=Windows 11
os.arch=amd64
os.version=10.0
derby.system.home=null
Database Class Loader started - derby.database.classpath=''
